<?xml version="1.0" encoding="UTF-8"?>
<!-- Generated by org.testng.reporters.JUnitReportReporter -->
<testsuite hostname="LAPTOP-BL2BGQUH" failures="0" tests="1" name="testngpkg.FileuploadAutoit" time="4.794" errors="0" timestamp="2023-02-01T00:02:28 IST" skipped="0">
  <testcase classname="testngpkg.FileuploadAutoit" name="test1" time="4.794"/>
  <system-out/>
</testsuite> <!-- testngpkg.FileuploadAutoit -->
