<?xml version="1.0" encoding="UTF-8"?>
<!-- Generated by org.testng.reporters.JUnitReportReporter -->
<testsuite hostname="LAPTOP-BL2BGQUH" failures="0" tests="1" name="testngpkg.Parametrization" time="2.946" errors="0" timestamp="2023-01-18T11:24:19 IST" skipped="0">
  <testcase classname="testngpkg.Parametrization" name="test1" time="2.946"/>
  <system-out/>
</testsuite> <!-- testngpkg.Parametrization -->
