<?xml version="1.0" encoding="UTF-8"?>
<!-- Generated by org.testng.reporters.JUnitReportReporter -->
<testsuite hostname="LAPTOP-BL2BGQUH" failures="0" tests="1" name="testngpkg.FileuploadRobot" time="6.882" errors="0" timestamp="2023-02-01T01:09:36 IST" skipped="0">
  <testcase classname="testngpkg.FileuploadRobot" name="test1" time="6.882"/>
  <system-out/>
</testsuite> <!-- testngpkg.FileuploadRobot -->
