<?xml version="1.0" encoding="UTF-8"?>
<!-- Generated by org.testng.reporters.JUnitReportReporter -->
<testsuite hostname="LAPTOP-BL2BGQUH" failures="0" tests="3" name="testngpkg.crossbrowsertest" time="18.656" errors="0" timestamp="2023-01-18T11:55:09 IST" skipped="0">
  <testcase classname="testngpkg.crossbrowsertest" name="test1" time="3.185"/>
  <system-out/>
  <testcase classname="testngpkg.crossbrowsertest" name="test1" time="9.114"/>
  <system-out/>
  <testcase classname="testngpkg.crossbrowsertest" name="test1" time="6.357"/>
  <system-out/>
</testsuite> <!-- testngpkg.crossbrowsertest -->
