<?xml version="1.0" encoding="UTF-8"?>
<!-- Generated by org.testng.reporters.JUnitReportReporter -->
<testsuite hostname="LAPTOP-BL2BGQUH" failures="0" tests="1" name="testngpkg.ActionsTestNg" time="3.471" errors="0" timestamp="2023-01-18T12:23:02 IST" skipped="0">
  <testcase classname="testngpkg.ActionsTestNg" name="test1" time="3.471"/>
  <system-out/>
</testsuite> <!-- testngpkg.ActionsTestNg -->
