<?xml version="1.0" encoding="UTF-8"?>
<!-- Generated by org.testng.reporters.JUnitReportReporter -->
<testsuite hostname="LAPTOP-BL2BGQUH" failures="0" tests="1" name="testngpkg.rightclickprgrm" time="7.353" errors="0" timestamp="2023-01-18T14:40:47 IST" skipped="0">
  <testcase classname="testngpkg.rightclickprgrm" name="test1" time="7.353"/>
  <system-out/>
</testsuite> <!-- testngpkg.rightclickprgrm -->
