<?xml version="1.0" encoding="UTF-8"?>
<!-- Generated by org.testng.reporters.JUnitReportReporter -->
<testsuite hostname="LAPTOP-BL2BGQUH" failures="0" tests="1" name="testngpkg.Datadriven" time="13.348" errors="0" timestamp="2023-01-31T15:07:15 IST" skipped="0">
  <testcase classname="testngpkg.Datadriven" name="test1" time="13.348"/>
  <system-out/>
</testsuite> <!-- testngpkg.Datadriven -->
