<?xml version="1.0" encoding="UTF-8"?>
<!-- Generated by org.testng.reporters.JUnitReportReporter -->
<testsuite hostname="LAPTOP-BL2BGQUH" failures="0" tests="1" name="testngpkg.DragandDrop" time="8.670" errors="0" timestamp="2023-01-18T12:34:48 IST" skipped="0">
  <testcase classname="testngpkg.DragandDrop" name="test1" time="8.670"/>
  <system-out/>
</testsuite> <!-- testngpkg.DragandDrop -->
